{"total": {"lines":{"total":480,"covered":297,"skipped":0,"pct":61.87},"statements":{"total":480,"covered":297,"skipped":0,"pct":61.87},"functions":{"total":81,"covered":54,"skipped":0,"pct":66.66},"branches":{"total":25,"covered":6,"skipped":0,"pct":24},"branchesTrue":{"total":0,"covered":0,"skipped":0,"pct":100}}
,"/home/tech/oliviertech/project/ATLP/creud test/server/Capstone-backend/src/index.js": {"lines":{"total":19,"covered":18,"skipped":0,"pct":94.73},"functions":{"total":2,"covered":1,"skipped":0,"pct":50},"statements":{"total":19,"covered":18,"skipped":0,"pct":94.73},"branches":{"total":0,"covered":0,"skipped":0,"pct":100}}
,"/home/tech/oliviertech/project/ATLP/creud test/server/Capstone-backend/src/user.js": {"lines":{"total":2,"covered":2,"skipped":0,"pct":100},"functions":{"total":0,"covered":0,"skipped":0,"pct":100},"statements":{"total":2,"covered":2,"skipped":0,"pct":100},"branches":{"total":0,"covered":0,"skipped":0,"pct":100}}
,"/home/tech/oliviertech/project/ATLP/creud test/server/Capstone-backend/src/Routes/Article_Route.js": {"lines":{"total":6,"covered":6,"skipped":0,"pct":100},"functions":{"total":0,"covered":0,"skipped":0,"pct":100},"statements":{"total":6,"covered":6,"skipped":0,"pct":100},"branches":{"total":0,"covered":0,"skipped":0,"pct":100}}
,"/home/tech/oliviertech/project/ATLP/creud test/server/Capstone-backend/src/Routes/OAuthroute.js": {"lines":{"total":4,"covered":3,"skipped":0,"pct":75},"functions":{"total":1,"covered":0,"skipped":0,"pct":0},"statements":{"total":4,"covered":3,"skipped":0,"pct":75},"branches":{"total":0,"covered":0,"skipped":0,"pct":100}}
,"/home/tech/oliviertech/project/ATLP/creud test/server/Capstone-backend/src/Routes/User_route.js": {"lines":{"total":4,"covered":4,"skipped":0,"pct":100},"functions":{"total":0,"covered":0,"skipped":0,"pct":100},"statements":{"total":4,"covered":4,"skipped":0,"pct":100},"branches":{"total":0,"covered":0,"skipped":0,"pct":100}}
,"/home/tech/oliviertech/project/ATLP/creud test/server/Capstone-backend/src/Routes/comment_route.js": {"lines":{"total":4,"covered":4,"skipped":0,"pct":100},"functions":{"total":0,"covered":0,"skipped":0,"pct":100},"statements":{"total":4,"covered":4,"skipped":0,"pct":100},"branches":{"total":0,"covered":0,"skipped":0,"pct":100}}
,"/home/tech/oliviertech/project/ATLP/creud test/server/Capstone-backend/src/Routes/contact_message.js": {"lines":{"total":24,"covered":8,"skipped":0,"pct":33.33},"functions":{"total":4,"covered":1,"skipped":0,"pct":25},"statements":{"total":24,"covered":8,"skipped":0,"pct":33.33},"branches":{"total":0,"covered":0,"skipped":0,"pct":100}}
,"/home/tech/oliviertech/project/ATLP/creud test/server/Capstone-backend/src/Routes/multer.js": {"lines":{"total":7,"covered":4,"skipped":0,"pct":57.14},"functions":{"total":2,"covered":1,"skipped":0,"pct":50},"statements":{"total":7,"covered":4,"skipped":0,"pct":57.14},"branches":{"total":5,"covered":2,"skipped":0,"pct":40}}
,"/home/tech/oliviertech/project/ATLP/creud test/server/Capstone-backend/src/Routes/secure-routes.js": {"lines":{"total":8,"covered":5,"skipped":0,"pct":62.5},"functions":{"total":2,"covered":0,"skipped":0,"pct":0},"statements":{"total":8,"covered":5,"skipped":0,"pct":62.5},"branches":{"total":0,"covered":0,"skipped":0,"pct":100}}
,"/home/tech/oliviertech/project/ATLP/creud test/server/Capstone-backend/src/auth/OAuth.js": {"lines":{"total":5,"covered":4,"skipped":0,"pct":80},"functions":{"total":1,"covered":0,"skipped":0,"pct":0},"statements":{"total":5,"covered":4,"skipped":0,"pct":80},"branches":{"total":0,"covered":0,"skipped":0,"pct":100}}
,"/home/tech/oliviertech/project/ATLP/creud test/server/Capstone-backend/src/auth/authentication.js": {"lines":{"total":0,"covered":0,"skipped":0,"pct":0},"functions":{"total":0,"covered":0,"skipped":0,"pct":0},"statements":{"total":0,"covered":0,"skipped":0,"pct":0},"branches":{"total":0,"covered":0,"skipped":0,"pct":0}}
,"/home/tech/oliviertech/project/ATLP/creud test/server/Capstone-backend/src/controllers/Article_controller.js": {"lines":{"total":36,"covered":22,"skipped":0,"pct":61.11},"functions":{"total":5,"covered":5,"skipped":0,"pct":100},"statements":{"total":36,"covered":22,"skipped":0,"pct":61.11},"branches":{"total":0,"covered":0,"skipped":0,"pct":100}}
,"/home/tech/oliviertech/project/ATLP/creud test/server/Capstone-backend/src/controllers/User_controller.js": {"lines":{"total":45,"covered":26,"skipped":0,"pct":57.77},"functions":{"total":5,"covered":4,"skipped":0,"pct":80},"statements":{"total":45,"covered":26,"skipped":0,"pct":57.77},"branches":{"total":6,"covered":2,"skipped":0,"pct":33.33}}
,"/home/tech/oliviertech/project/ATLP/creud test/server/Capstone-backend/src/controllers/admin.js": {"lines":{"total":34,"covered":2,"skipped":0,"pct":5.88},"functions":{"total":4,"covered":0,"skipped":0,"pct":0},"statements":{"total":34,"covered":2,"skipped":0,"pct":5.88},"branches":{"total":4,"covered":0,"skipped":0,"pct":0}}
,"/home/tech/oliviertech/project/ATLP/creud test/server/Capstone-backend/src/controllers/comment_controller.js": {"lines":{"total":30,"covered":0,"skipped":0,"pct":0},"functions":{"total":4,"covered":0,"skipped":0,"pct":0},"statements":{"total":30,"covered":0,"skipped":0,"pct":0},"branches":{"total":2,"covered":0,"skipped":0,"pct":0}}
,"/home/tech/oliviertech/project/ATLP/creud test/server/Capstone-backend/src/db/database.js": {"lines":{"total":6,"covered":4,"skipped":0,"pct":66.66},"functions":{"total":1,"covered":1,"skipped":0,"pct":100},"statements":{"total":6,"covered":4,"skipped":0,"pct":66.66},"branches":{"total":0,"covered":0,"skipped":0,"pct":100}}
,"/home/tech/oliviertech/project/ATLP/creud test/server/Capstone-backend/src/db_models/Article_model.js": {"lines":{"total":2,"covered":2,"skipped":0,"pct":100},"functions":{"total":0,"covered":0,"skipped":0,"pct":100},"statements":{"total":2,"covered":2,"skipped":0,"pct":100},"branches":{"total":0,"covered":0,"skipped":0,"pct":100}}
,"/home/tech/oliviertech/project/ATLP/creud test/server/Capstone-backend/src/db_models/User_model.js": {"lines":{"total":5,"covered":4,"skipped":0,"pct":80},"functions":{"total":1,"covered":0,"skipped":0,"pct":0},"statements":{"total":5,"covered":4,"skipped":0,"pct":80},"branches":{"total":0,"covered":0,"skipped":0,"pct":100}}
,"/home/tech/oliviertech/project/ATLP/creud test/server/Capstone-backend/src/db_models/comment_model.js": {"lines":{"total":2,"covered":2,"skipped":0,"pct":100},"functions":{"total":0,"covered":0,"skipped":0,"pct":100},"statements":{"total":2,"covered":2,"skipped":0,"pct":100},"branches":{"total":0,"covered":0,"skipped":0,"pct":100}}
,"/home/tech/oliviertech/project/ATLP/creud test/server/Capstone-backend/src/db_models/contact_message.js": {"lines":{"total":2,"covered":2,"skipped":0,"pct":100},"functions":{"total":0,"covered":0,"skipped":0,"pct":100},"statements":{"total":2,"covered":2,"skipped":0,"pct":100},"branches":{"total":0,"covered":0,"skipped":0,"pct":100}}
,"/home/tech/oliviertech/project/ATLP/creud test/server/Capstone-backend/src/helper/cloudinary.js": {"lines":{"total":2,"covered":2,"skipped":0,"pct":100},"functions":{"total":0,"covered":0,"skipped":0,"pct":100},"statements":{"total":2,"covered":2,"skipped":0,"pct":100},"branches":{"total":0,"covered":0,"skipped":0,"pct":100}}
,"/home/tech/oliviertech/project/ATLP/creud test/server/Capstone-backend/src/middleware/Blog_validation.js": {"lines":{"total":5,"covered":4,"skipped":0,"pct":80},"functions":{"total":1,"covered":1,"skipped":0,"pct":100},"statements":{"total":5,"covered":4,"skipped":0,"pct":80},"branches":{"total":2,"covered":1,"skipped":0,"pct":50}}
,"/home/tech/oliviertech/project/ATLP/creud test/server/Capstone-backend/src/middleware/adminaccess.js": {"lines":{"total":9,"covered":1,"skipped":0,"pct":11.11},"functions":{"total":1,"covered":0,"skipped":0,"pct":0},"statements":{"total":9,"covered":1,"skipped":0,"pct":11.11},"branches":{"total":2,"covered":0,"skipped":0,"pct":0}}
,"/home/tech/oliviertech/project/ATLP/creud test/server/Capstone-backend/src/middleware/authentication.js": {"lines":{"total":2,"covered":2,"skipped":0,"pct":100},"functions":{"total":0,"covered":0,"skipped":0,"pct":100},"statements":{"total":2,"covered":2,"skipped":0,"pct":100},"branches":{"total":0,"covered":0,"skipped":0,"pct":100}}
,"/home/tech/oliviertech/project/ATLP/creud test/server/Capstone-backend/src/middleware/comment_validation.js": {"lines":{"total":5,"covered":0,"skipped":0,"pct":0},"functions":{"total":1,"covered":0,"skipped":0,"pct":0},"statements":{"total":5,"covered":0,"skipped":0,"pct":0},"branches":{"total":2,"covered":0,"skipped":0,"pct":0}}
,"/home/tech/oliviertech/project/ATLP/creud test/server/Capstone-backend/src/middleware/contact_validation.js": {"lines":{"total":5,"covered":3,"skipped":0,"pct":60},"functions":{"total":1,"covered":1,"skipped":0,"pct":100},"statements":{"total":5,"covered":3,"skipped":0,"pct":60},"branches":{"total":2,"covered":1,"skipped":0,"pct":50}}
,"/home/tech/oliviertech/project/ATLP/creud test/server/Capstone-backend/src/test/blog.js": {"lines":{"total":64,"covered":53,"skipped":0,"pct":82.81},"functions":{"total":9,"covered":9,"skipped":0,"pct":100},"statements":{"total":64,"covered":53,"skipped":0,"pct":82.81},"branches":{"total":0,"covered":0,"skipped":0,"pct":100}}
,"/home/tech/oliviertech/project/ATLP/creud test/server/Capstone-backend/src/test/multertest.js": {"lines":{"total":38,"covered":25,"skipped":0,"pct":65.78},"functions":{"total":13,"covered":10,"skipped":0,"pct":76.92},"statements":{"total":38,"covered":25,"skipped":0,"pct":65.78},"branches":{"total":0,"covered":0,"skipped":0,"pct":100}}
,"/home/tech/oliviertech/project/ATLP/creud test/server/Capstone-backend/src/test/testcontactmessage.js": {"lines":{"total":101,"covered":81,"skipped":0,"pct":80.19},"functions":{"total":23,"covered":20,"skipped":0,"pct":86.95},"statements":{"total":101,"covered":81,"skipped":0,"pct":80.19},"branches":{"total":0,"covered":0,"skipped":0,"pct":100}}
,"/home/tech/oliviertech/project/ATLP/creud test/server/Capstone-backend/src/validation/blogSchema.js": {"lines":{"total":1,"covered":1,"skipped":0,"pct":100},"functions":{"total":0,"covered":0,"skipped":0,"pct":100},"statements":{"total":1,"covered":1,"skipped":0,"pct":100},"branches":{"total":0,"covered":0,"skipped":0,"pct":100}}
,"/home/tech/oliviertech/project/ATLP/creud test/server/Capstone-backend/src/validation/commentschema.js": {"lines":{"total":1,"covered":1,"skipped":0,"pct":100},"functions":{"total":0,"covered":0,"skipped":0,"pct":100},"statements":{"total":1,"covered":1,"skipped":0,"pct":100},"branches":{"total":0,"covered":0,"skipped":0,"pct":100}}
,"/home/tech/oliviertech/project/ATLP/creud test/server/Capstone-backend/src/validation/contactSchema.js": {"lines":{"total":1,"covered":1,"skipped":0,"pct":100},"functions":{"total":0,"covered":0,"skipped":0,"pct":100},"statements":{"total":1,"covered":1,"skipped":0,"pct":100},"branches":{"total":0,"covered":0,"skipped":0,"pct":100}}
,"/home/tech/oliviertech/project/ATLP/creud test/server/Capstone-backend/src/validation/usemodel.js": {"lines":{"total":1,"covered":1,"skipped":0,"pct":100},"functions":{"total":0,"covered":0,"skipped":0,"pct":100},"statements":{"total":1,"covered":1,"skipped":0,"pct":100},"branches":{"total":0,"covered":0,"skipped":0,"pct":100}}
}
